<?xml version="1.0" encoding="UTF-8"?>
<testsuite xmlns:xsi="http://www.w3.org/2001/XMLSchema-instance" xsi:schemaLocation="https://maven.apache.org/surefire/maven-surefire-plugin/xsd/surefire-test-report.xsd" name="com.pluralsight.bookstore.repository.BookRepositoryTest" time="5.293" tests="21" errors="0" skipped="0" failures="0">
  <properties>
    <property name="java.runtime.name" value="Java(TM) SE Runtime Environment"/>
    <property name="sun.boot.library.path" value="C:\Program Files\Java\jdk1.8.0_65\jre\bin"/>
    <property name="java.vm.version" value="25.65-b01"/>
    <property name="java.vm.vendor" value="Oracle Corporation"/>
    <property name="maven.multiModuleProjectDirectory" value="C:\Users\Cory\Eclipse\workspace\bookstore-back"/>
    <property name="java.vendor.url" value="http://java.oracle.com/"/>
    <property name="path.separator" value=";"/>
    <property name="guice.disable.misplaced.annotation.check" value="true"/>
    <property name="java.vm.name" value="Java HotSpot(TM) 64-Bit Server VM"/>
    <property name="file.encoding.pkg" value="sun.io"/>
    <property name="user.script" value=""/>
    <property name="user.country" value="US"/>
    <property name="sun.java.launcher" value="SUN_STANDARD"/>
    <property name="sun.os.patch.level" value=""/>
    <property name="java.vm.specification.name" value="Java Virtual Machine Specification"/>
    <property name="user.dir" value="C:\Users\Cory\Eclipse\workspace\bookstore-back"/>
    <property name="java.runtime.version" value="1.8.0_65-b17"/>
    <property name="java.awt.graphicsenv" value="sun.awt.Win32GraphicsEnvironment"/>
    <property name="java.endorsed.dirs" value="C:\Program Files\Java\jdk1.8.0_65\jre\lib\endorsed"/>
    <property name="os.arch" value="amd64"/>
    <property name="java.io.tmpdir" value="C:\Users\Cory\AppData\Local\Temp\"/>
    <property name="line.separator" value="&#10;"/>
    <property name="java.vm.specification.vendor" value="Oracle Corporation"/>
    <property name="user.variant" value=""/>
    <property name="os.name" value="Windows 10"/>
    <property name="classworlds.conf" value="C:\Program Files\Apache\maven\apache-maven-3.5.0\bin\..\bin\m2.conf"/>
    <property name="sun.jnu.encoding" value="Cp1252"/>
    <property name="java.library.path" value="C:\Program Files\Java\jdk1.8.0_65\bin;C:\WINDOWS\Sun\Java\bin;C:\WINDOWS\system32;C:\WINDOWS;C:\Python27\;C:\Python27\Scripts;C:\Program Files\Java\jdk1.8.0_65\bin;C:\Program Files (x86)\Lenovo\FusionEngine;C:\Program Files (x86)\Intel\iCLS Client\;C:\Program Files\Intel\iCLS Client\;C:\WINDOWS\system32;C:\WINDOWS;C:\WINDOWS\System32\Wbem;C:\WINDOWS\System32\WindowsPowerShell\v1.0\;C:\Program Files\Intel\Intel(R) Management Engine Components\DAL;C:\Program Files\Intel\Intel(R) Management Engine Components\IPT;C:\Program Files (x86)\Intel\Intel(R) Management Engine Components\DAL;C:\Program Files (x86)\Intel\Intel(R) Management Engine Components\IPT;C:\Program Files\Lenovo\Bluetooth Software\;C:\Program Files\Lenovo\Bluetooth Software\syswow64;C:\Program Files (x86)\Lenovo\Motion Control\;C:\Program Files (x86)\NVIDIA Corporation\PhysX\Common;C:\Program Files\Microsoft SQL Server\110\Tools\Binn\;C:\Program Files%\Git\bin;C:\WINDOWS\system32;C:\WINDOWS;C:\WINDOWS\System32\Wbem;C:\WINDOWS\System32\WindowsPowerShell\v1.0\;c:\altera\91\quartus\bin;C:\Program Files (x86)\Skype\Phone\;C:\Program Files\nodejs\;C:\Program Files\Microsoft SQL Server\Client SDK\ODBC\130\Tools\Binn\;C:\Program Files (x86)\Microsoft SQL Server\130\Tools\Binn\;C:\Program Files\Microsoft SQL Server\130\Tools\Binn\;C:\Program Files\Microsoft SQL Server\130\DTS\Binn\;C:\Program Files (x86)\Windows Kits\10\Windows Performance Toolkit\;C:\Program Files\Git\cmd;C:\Program Files\Apache\maven\apache-maven-3.5.0\apache-maven\src\bin;C:\Program Files\Apache\maven\apache-maven-3.5.0\bin;C:\altera\90\modelsim_ase\win32aloem;C:\Users\Cory\AppData\Local\Programs\Python\Python35-32\Scripts\;C:\Users\Cory\AppData\Local\Programs\Python\Python35-32\;C:\Users\Cory\AppData\Local\Microsoft\WindowsApps;C:\Users\Cory\AppData\Local\atom\bin;C:\Users\Cory\AppData\Roaming\npm;."/>
    <property name="maven.conf" value="C:\Program Files\Apache\maven\apache-maven-3.5.0\bin\../conf"/>
    <property name="java.specification.name" value="Java Platform API Specification"/>
    <property name="java.class.version" value="52.0"/>
    <property name="sun.management.compiler" value="HotSpot 64-Bit Tiered Compilers"/>
    <property name="os.version" value="10.0"/>
    <property name="library.jansi.path" value="C:\Program Files\Apache\maven\apache-maven-3.5.0\bin\..\lib\jansi-native\windows64"/>
    <property name="user.home" value="C:\Users\Cory"/>
    <property name="user.timezone" value="America/New_York"/>
    <property name="java.awt.printerjob" value="sun.awt.windows.WPrinterJob"/>
    <property name="java.specification.version" value="1.8"/>
    <property name="file.encoding" value="Cp1252"/>
    <property name="user.name" value="Cory"/>
    <property name="java.class.path" value="C:\Program Files\Apache\maven\apache-maven-3.5.0\bin\..\boot\plexus-classworlds-2.5.2.jar"/>
    <property name="java.vm.specification.version" value="1.8"/>
    <property name="sun.arch.data.model" value="64"/>
    <property name="java.home" value="C:\Program Files\Java\jdk1.8.0_65\jre"/>
    <property name="sun.java.command" value="org.codehaus.plexus.classworlds.launcher.Launcher package"/>
    <property name="java.specification.vendor" value="Oracle Corporation"/>
    <property name="user.language" value="en"/>
    <property name="awt.toolkit" value="sun.awt.windows.WToolkit"/>
    <property name="java.vm.info" value="mixed mode"/>
    <property name="java.version" value="1.8.0_65"/>
    <property name="java.ext.dirs" value="C:\Program Files\Java\jdk1.8.0_65\jre\lib\ext;C:\WINDOWS\Sun\Java\lib\ext"/>
    <property name="sun.boot.class.path" value="C:\Program Files\Java\jdk1.8.0_65\jre\lib\resources.jar;C:\Program Files\Java\jdk1.8.0_65\jre\lib\rt.jar;C:\Program Files\Java\jdk1.8.0_65\jre\lib\sunrsasign.jar;C:\Program Files\Java\jdk1.8.0_65\jre\lib\jsse.jar;C:\Program Files\Java\jdk1.8.0_65\jre\lib\jce.jar;C:\Program Files\Java\jdk1.8.0_65\jre\lib\charsets.jar;C:\Program Files\Java\jdk1.8.0_65\jre\lib\jfr.jar;C:\Program Files\Java\jdk1.8.0_65\jre\classes"/>
    <property name="sun.stderr.encoding" value="cp437"/>
    <property name="java.vendor" value="Oracle Corporation"/>
    <property name="maven.home" value="C:\Program Files\Apache\maven\apache-maven-3.5.0\bin\.."/>
    <property name="file.separator" value="\"/>
    <property name="java.vendor.url.bug" value="http://bugreport.sun.com/bugreport/"/>
    <property name="sun.cpu.endian" value="little"/>
    <property name="sun.io.unicode.encoding" value="UnicodeLittle"/>
    <property name="sun.stdout.encoding" value="cp437"/>
    <property name="sun.desktop" value="windows"/>
    <property name="sun.cpu.isalist" value="amd64"/>
  </properties>
  <testcase name="shouldBeDeployed" classname="com.pluralsight.bookstore.repository.BookRepositoryTest" time="0.176"/>
  <testcase name="shouldGetNoBook" classname="com.pluralsight.bookstore.repository.BookRepositoryTest" time="0.032"/>
  <testcase name="shouldCreateABook" classname="com.pluralsight.bookstore.repository.BookRepositoryTest" time="0.103"/>
  <testcase name="shouldFindTheCreatedBook" classname="com.pluralsight.bookstore.repository.BookRepositoryTest" time="0.035"/>
  <testcase name="shouldGetOneBook" classname="com.pluralsight.bookstore.repository.BookRepositoryTest" time="0.021"/>
  <testcase name="shouldDeleteTheCreatedBook" classname="com.pluralsight.bookstore.repository.BookRepositoryTest" time="0.035"/>
  <testcase name="shouldGetNoMoreBook" classname="com.pluralsight.bookstore.repository.BookRepositoryTest" time="0.019"/>
  <testcase name="shouldNotCreateInvalidBookNullTitle" classname="com.pluralsight.bookstore.repository.BookRepositoryTest" time="0.055"/>
  <testcase name="shouldNotCreateInvalidBookEmptyTitle" classname="com.pluralsight.bookstore.repository.BookRepositoryTest" time="0.075"/>
  <testcase name="shouldNotCreateInvalidBookMaxTitle" classname="com.pluralsight.bookstore.repository.BookRepositoryTest" time="0.044"/>
  <testcase name="shouldNotCreateInvalidBookMaxDescription" classname="com.pluralsight.bookstore.repository.BookRepositoryTest" time="0.055"/>
  <testcase name="shouldNotCreateInvalidBookMinCost" classname="com.pluralsight.bookstore.repository.BookRepositoryTest" time="0.045"/>
  <testcase name="shouldCreateInvalidBookNullIsbn" classname="com.pluralsight.bookstore.repository.BookRepositoryTest" time="0.017"/>
  <testcase name="shouldCreateInvalidBookEmptyIsbn" classname="com.pluralsight.bookstore.repository.BookRepositoryTest" time="0.022"/>
  <testcase name="shouldCreateInvalidBookMaxIsbn" classname="com.pluralsight.bookstore.repository.BookRepositoryTest" time="0.023"/>
  <testcase name="shouldNotCreateInvalidBookFutureDate" classname="com.pluralsight.bookstore.repository.BookRepositoryTest" time="0.066"/>
  <testcase name="shouldNotFindInvalidId" classname="com.pluralsight.bookstore.repository.BookRepositoryTest" time="0.085"/>
  <testcase name="shouldNotCreateNullBook" classname="com.pluralsight.bookstore.repository.BookRepositoryTest" time="0.084"/>
  <testcase name="shouldNotDeleteInvalidId" classname="com.pluralsight.bookstore.repository.BookRepositoryTest" time="0.053"/>
  <testcase name="shouldFindByTitle" classname="com.pluralsight.bookstore.repository.BookRepositoryTest" time="0.048"/>
  <testcase name="shouldFindByTitleWithExtraSpaces" classname="com.pluralsight.bookstore.repository.BookRepositoryTest" time="0.023"/>
</testsuite>